# JRE version: OpenJDK Runtime Environment (11.0.11+9) (build 11.0.11+9-Ubuntu-0ubuntu2.20.04)
# Java VM: OpenJDK 64-Bit Server VM (11.0.11+9-Ubuntu-0ubuntu2.20.04, mixed mode, sharing, tiered, compressed oops, parallel gc, linux-amd64)
Heap:
 PSYoungGen      total 4608K, used 3806K [0x00000000eab00000, 0x00000000eb200000, 0x0000000100000000)
  eden space 2560K, 78% used [0x00000000eab00000,0x00000000eacf9920,0x00000000ead80000)
  from space 2048K, 87% used [0x00000000eb000000,0x00000000eb1be000,0x00000000eb200000)
  to   space 2048K, 92% used [0x00000000eae00000,0x00000000eafd8000,0x00000000eb000000)
 ParOldGen       total 160768K, used 134017K [0x00000000c0000000, 0x00000000c9d00000, 0x00000000eab00000)
  object space 160768K, 83% used [0x00000000c0000000,0x00000000c82e0650,0x00000000c9d00000)
 Metaspace       used 71995K, capacity 75491K, committed 75904K, reserved 1116160K
  class space    used 6852K, capacity 8223K, committed 8320K, reserved 1048576K
GC Heap History (20 events):
Event: 1122.584 GC heap after
{Heap after GC invocations=2413 (full 75):
 PSYoungGen      total 5120K, used 1007K [0x00000000eab00000, 0x00000000eb800000, 0x0000000100000000)
  eden space 4096K, 0% used [0x00000000eab00000,0x00000000eab00000,0x00000000eaf00000)
  from space 1024K, 98% used [0x00000000eaf80000,0x00000000eb07bc50,0x00000000eb080000)
  to   space 4608K, 0% used [0x00000000eb380000,0x00000000eb380000,0x00000000eb800000)
 ParOldGen       total 155648K, used 151838K [0x00000000c0000000, 0x00000000c9800000, 0x00000000eab00000)
  object space 155648K, 97% used [0x00000000c0000000,0x00000000c9447998,0x00000000c9800000)
 Metaspace       used 71994K, capacity 75491K, committed 75904K, reserved 1116160K
  class space    used 6852K, capacity 8223K, committed 8320K, reserved 1048576K
}
Event: 1122.591 GC heap before
{Heap before GC invocations=2414 (full 75):
 PSYoungGen      total 5120K, used 5103K [0x00000000eab00000, 0x00000000eb800000, 0x0000000100000000)
  eden space 4096K, 100% used [0x00000000eab00000,0x00000000eaf00000,0x00000000eaf00000)
  from space 1024K, 98% used [0x00000000eaf80000,0x00000000eb07bc50,0x00000000eb080000)
  to   space 4608K, 0% used [0x00000000eb380000,0x00000000eb380000,0x00000000eb800000)
 ParOldGen       total 155648K, used 151838K [0x00000000c0000000, 0x00000000c9800000, 0x00000000eab00000)
  object space 155648K, 97% used [0x00000000c0000000,0x00000000c9447998,0x00000000c9800000)
 Metaspace       used 71994K, capacity 75491K, committed 75904K, reserved 1116160K
  class space    used 6852K, capacity 8223K, committed 8320K, reserved 1048576K
}
Event: 1122.594 GC heap after
{Heap after GC invocations=2414 (full 75):
 PSYoungGen      total 7168K, used 2671K [0x00000000eab00000, 0x00000000eb680000, 0x0000000100000000)
  eden space 4096K, 0% used [0x00000000eab00000,0x00000000eab00000,0x00000000eaf00000)
  from space 3072K, 86% used [0x00000000eb380000,0x00000000eb61bc50,0x00000000eb680000)
  to   space 3584K, 0% used [0x00000000eaf80000,0x00000000eaf80000,0x00000000eb300000)
 ParOldGen       total 155648K, used 152014K [0x00000000c0000000, 0x00000000c9800000, 0x00000000eab00000)
  object space 155648K, 97% used [0x00000000c0000000,0x00000000c9473998,0x00000000c9800000)
 Metaspace       used 71994K, capacity 75491K, committed 75904K, reserved 1116160K
  class space    used 6852K, capacity 8223K, committed 8320K, reserved 1048576K
}
Event: 1122.917 GC heap before
{Heap before GC invocations=2415 (full 75):
 PSYoungGen      total 7168K, used 6767K [0x00000000eab00000, 0x00000000eb680000, 0x0000000100000000)
  eden space 4096K, 100% used [0x00000000eab00000,0x00000000eaf00000,0x00000000eaf00000)
  from space 3072K, 86% used [0x00000000eb380000,0x00000000eb61bc50,0x00000000eb680000)
  to   space 3584K, 0% used [0x00000000eaf80000,0x00000000eaf80000,0x00000000eb300000)
 ParOldGen       total 155648K, used 152014K [0x00000000c0000000, 0x00000000c9800000, 0x00000000eab00000)
  object space 155648K, 97% used [0x00000000c0000000,0x00000000c9473998,0x00000000c9800000)
 Metaspace       used 71995K, capacity 75491K, committed 75904K, reserved 1116160K
  class space    used 6852K, capacity 8223K, committed 8320K, reserved 1048576K
}
Event: 1122.921 GC heap after
{Heap after GC invocations=2415 (full 75):
 PSYoungGen      total 5120K, used 832K [0x00000000eab00000, 0x00000000eb400000, 0x0000000100000000)
  eden space 4096K, 0% used [0x00000000eab00000,0x00000000eab00000,0x00000000eaf00000)
  from space 1024K, 81% used [0x00000000eaf80000,0x00000000eb050000,0x00000000eb080000)
  to   space 2048K, 0% used [0x00000000eb200000,0x00000000eb200000,0x00000000eb400000)
 ParOldGen       total 155648K, used 152022K [0x00000000c0000000, 0x00000000c9800000, 0x00000000eab00000)
  object space 155648K, 97% used [0x00000000c0000000,0x00000000c9475998,0x00000000c9800000)
 Metaspace       used 71995K, capacity 75491K, committed 75904K, reserved 1116160K
  class space    used 6852K, capacity 8223K, committed 8320K, reserved 1048576K
}
Event: 1122.944 GC heap before
{Heap before GC invocations=2416 (full 75):
 PSYoungGen      total 5120K, used 4928K [0x00000000eab00000, 0x00000000eb400000, 0x0000000100000000)
  eden space 4096K, 100% used [0x00000000eab00000,0x00000000eaf00000,0x00000000eaf00000)
  from space 1024K, 81% used [0x00000000eaf80000,0x00000000eb050000,0x00000000eb080000)
  to   space 2048K, 0% used [0x00000000eb200000,0x00000000eb200000,0x00000000eb400000)
 ParOldGen       total 155648K, used 152022K [0x00000000c0000000, 0x00000000c9800000, 0x00000000eab00000)
  object space 155648K, 97% used [0x00000000c0000000,0x00000000c9475998,0x00000000c9800000)
 Metaspace       used 71995K, capacity 75491K, committed 75904K, reserved 1116160K
  class space    used 6852K, capacity 8223K, committed 8320K, reserved 1048576K
}
Event: 1122.950 GC heap after
{Heap after GC invocations=2416 (full 75):
 PSYoungGen      total 5632K, used 1424K [0x00000000eab00000, 0x00000000eb380000, 0x0000000100000000)
  eden space 4096K, 0% used [0x00000000eab00000,0x00000000eab00000,0x00000000eaf00000)
  from space 1536K, 92% used [0x00000000eb200000,0x00000000eb364010,0x00000000eb380000)
  to   space 2048K, 0% used [0x00000000eaf80000,0x00000000eaf80000,0x00000000eb180000)
 ParOldGen       total 155648K, used 152737K [0x00000000c0000000, 0x00000000c9800000, 0x00000000eab00000)
  object space 155648K, 98% used [0x00000000c0000000,0x00000000c95285e0,0x00000000c9800000)
 Metaspace       used 71995K, capacity 75491K, committed 75904K, reserved 1116160K
  class space    used 6852K, capacity 8223K, committed 8320K, reserved 1048576K
}
Event: 1123.130 GC heap before
{Heap before GC invocations=2417 (full 75):
 PSYoungGen      total 5632K, used 5395K [0x00000000eab00000, 0x00000000eb380000, 0x0000000100000000)
  eden space 4096K, 96% used [0x00000000eab00000,0x00000000eaee0c38,0x00000000eaf00000)
  from space 1536K, 92% used [0x00000000eb200000,0x00000000eb364010,0x00000000eb380000)
  to   space 2048K, 0% used [0x00000000eaf80000,0x00000000eaf80000,0x00000000eb180000)
 ParOldGen       total 155648K, used 152737K [0x00000000c0000000, 0x00000000c9800000, 0x00000000eab00000)
  object space 155648K, 98% used [0x00000000c0000000,0x00000000c95285e0,0x00000000c9800000)
 Metaspace       used 71995K, capacity 75491K, committed 75904K, reserved 1116160K
  class space    used 6852K, capacity 8223K, committed 8320K, reserved 1048576K
}
Event: 1123.137 GC heap after
{Heap after GC invocations=2417 (full 75):
 PSYoungGen      total 6144K, used 64K [0x00000000eab00000, 0x00000000eb280000, 0x0000000100000000)
  eden space 4096K, 0% used [0x00000000eab00000,0x00000000eab00000,0x00000000eaf00000)
  from space 2048K, 3% used [0x00000000eaf80000,0x00000000eaf90000,0x00000000eb180000)
  to   space 1024K, 0% used [0x00000000eb180000,0x00000000eb180000,0x00000000eb280000)
 ParOldGen       total 155648K, used 153175K [0x00000000c0000000, 0x00000000c9800000, 0x00000000eab00000)
  object space 155648K, 98% used [0x00000000c0000000,0x00000000c9595d60,0x00000000c9800000)
 Metaspace       used 71995K, capacity 75491K, committed 75904K, reserved 1116160K
  class space    used 6852K, capacity 8223K, committed 8320K, reserved 1048576K
}
Event: 1123.149 GC heap before
{Heap before GC invocations=2418 (full 75):
 PSYoungGen      total 6144K, used 4160K [0x00000000eab00000, 0x00000000eb280000, 0x0000000100000000)
  eden space 4096K, 100% used [0x00000000eab00000,0x00000000eaf00000,0x00000000eaf00000)
  from space 2048K, 3% used [0x00000000eaf80000,0x00000000eaf90000,0x00000000eb180000)
  to   space 1024K, 0% used [0x00000000eb180000,0x00000000eb180000,0x00000000eb280000)
 ParOldGen       total 155648K, used 153175K [0x00000000c0000000, 0x00000000c9800000, 0x00000000eab00000)
  object space 155648K, 98% used [0x00000000c0000000,0x00000000c9595d60,0x00000000c9800000)
 Metaspace       used 71995K, capacity 75491K, committed 75904K, reserved 1116160K
  class space    used 6852K, capacity 8223K, committed 8320K, reserved 1048576K
}
Event: 1123.156 GC heap after
{Heap after GC invocations=2418 (full 75):
 PSYoungGen      total 2560K, used 1002K [0x00000000eab00000, 0x00000000eba00000, 0x0000000100000000)
  eden space 1536K, 0% used [0x00000000eab00000,0x00000000eab00000,0x00000000eac80000)
  from space 1024K, 97% used [0x00000000eb180000,0x00000000eb27a860,0x00000000eb280000)
  to   space 5120K, 0% used [0x00000000eac80000,0x00000000eac80000,0x00000000eb180000)
 ParOldGen       total 157184K, used 156287K [0x00000000c0000000, 0x00000000c9980000, 0x00000000eab00000)
  object space 157184K, 99% used [0x00000000c0000000,0x00000000c989fd60,0x00000000c9980000)
 Metaspace       used 71995K, capacity 75491K, committed 75904K, reserved 1116160K
  class space    used 6852K, capacity 8223K, committed 8320K, reserved 1048576K
}
Event: 1123.156 GC heap before
{Heap before GC invocations=2419 (full 76):
 PSYoungGen      total 2560K, used 1002K [0x00000000eab00000, 0x00000000eba00000, 0x0000000100000000)
  eden space 1536K, 0% used [0x00000000eab00000,0x00000000eab00000,0x00000000eac80000)
  from space 1024K, 97% used [0x00000000eb180000,0x00000000eb27a860,0x00000000eb280000)
  to   space 5120K, 0% used [0x00000000eac80000,0x00000000eac80000,0x00000000eb180000)
 ParOldGen       total 157184K, used 156287K [0x00000000c0000000, 0x00000000c9980000, 0x00000000eab00000)
  object space 157184K, 99% used [0x00000000c0000000,0x00000000c989fd60,0x00000000c9980000)
 Metaspace       used 71995K, capacity 75491K, committed 75904K, reserved 1116160K
  class space    used 6852K, capacity 8223K, committed 8320K, reserved 1048576K
}
Event: 1123.280 GC heap after
{Heap after GC invocations=2419 (full 76):
 PSYoungGen      total 6656K, used 0K [0x00000000eab00000, 0x00000000eb680000, 0x0000000100000000)
  eden space 1536K, 0% used [0x00000000eab00000,0x00000000eab00000,0x00000000eac80000)
  from space 5120K, 0% used [0x00000000eac80000,0x00000000eac80000,0x00000000eb180000)
  to   space 5120K, 0% used [0x00000000eb180000,0x00000000eb180000,0x00000000eb680000)
 ParOldGen       total 160768K, used 125717K [0x00000000c0000000, 0x00000000c9d00000, 0x00000000eab00000)
  object space 160768K, 78% used [0x00000000c0000000,0x00000000c7ac55e8,0x00000000c9d00000)
 Metaspace       used 71995K, capacity 75491K, committed 75904K, reserved 1116160K
  class space    used 6852K, capacity 8223K, committed 8320K, reserved 1048576K
}
Event: 1123.283 GC heap before
{Heap before GC invocations=2420 (full 76):
 PSYoungGen      total 6656K, used 1536K [0x00000000eab00000, 0x00000000eb680000, 0x0000000100000000)
  eden space 1536K, 100% used [0x00000000eab00000,0x00000000eac80000,0x00000000eac80000)
  from space 5120K, 0% used [0x00000000eac80000,0x00000000eac80000,0x00000000eb180000)
  to   space 5120K, 0% used [0x00000000eb180000,0x00000000eb180000,0x00000000eb680000)
 ParOldGen       total 160768K, used 125717K [0x00000000c0000000, 0x00000000c9d00000, 0x00000000eab00000)
  object space 160768K, 78% used [0x00000000c0000000,0x00000000c7ac55e8,0x00000000c9d00000)
 Metaspace       used 71995K, capacity 75491K, committed 75904K, reserved 1116160K
  class space    used 6852K, capacity 8223K, committed 8320K, reserved 1048576K
}
Event: 1123.285 GC heap after
{Heap after GC invocations=2420 (full 76):
 PSYoungGen      total 3072K, used 1536K [0x00000000eab00000, 0x00000000eb300000, 0x0000000100000000)
  eden space 1536K, 0% used [0x00000000eab00000,0x00000000eab00000,0x00000000eac80000)
  from space 1536K, 100% used [0x00000000eb180000,0x00000000eb300000,0x00000000eb300000)
  to   space 2560K, 0% used [0x00000000eae00000,0x00000000eae00000,0x00000000eb080000)
 ParOldGen       total 160768K, used 125717K [0x00000000c0000000, 0x00000000c9d00000, 0x00000000eab00000)
  object space 160768K, 78% used [0x00000000c0000000,0x00000000c7ac55e8,0x00000000c9d00000)
 Metaspace       used 71995K, capacity 75491K, committed 75904K, reserved 1116160K
  class space    used 6852K, capacity 8223K, committed 8320K, reserved 1048576K
}
Event: 1123.288 GC heap before
{Heap before GC invocations=2421 (full 76):
 PSYoungGen      total 3072K, used 3072K [0x00000000eab00000, 0x00000000eb300000, 0x0000000100000000)
  eden space 1536K, 100% used [0x00000000eab00000,0x00000000eac80000,0x00000000eac80000)
  from space 1536K, 100% used [0x00000000eb180000,0x00000000eb300000,0x00000000eb300000)
  to   space 2560K, 0% used [0x00000000eae00000,0x00000000eae00000,0x00000000eb080000)
 ParOldGen       total 160768K, used 125717K [0x00000000c0000000, 0x00000000c9d00000, 0x00000000eab00000)
  object space 160768K, 78% used [0x00000000c0000000,0x00000000c7ac55e8,0x00000000c9d00000)
 Metaspace       used 71995K, capacity 75491K, committed 75904K, reserved 1116160K
  class space    used 6852K, capacity 8223K, committed 8320K, reserved 1048576K
}
Event: 1123.291 GC heap after
{Heap after GC invocations=2421 (full 76):
 PSYoungGen      total 4096K, used 1568K [0x00000000eab00000, 0x00000000eb200000, 0x0000000100000000)
  eden space 2048K, 0% used [0x00000000eab00000,0x00000000eab00000,0x00000000ead00000)
  from space 2048K, 76% used [0x00000000eae00000,0x00000000eaf88000,0x00000000eb000000)
  to   space 2048K, 0% used [0x00000000eb000000,0x00000000eb000000,0x00000000eb200000)
 ParOldGen       total 160768K, used 127229K [0x00000000c0000000, 0x00000000c9d00000, 0x00000000eab00000)
  object space 160768K, 79% used [0x00000000c0000000,0x00000000c7c3f5e8,0x00000000c9d00000)
 Metaspace       used 71995K, capacity 75491K, committed 75904K, reserved 1116160K
  class space    used 6852K, capacity 8223K, committed 8320K, reserved 1048576K
}
Event: 1123.295 GC heap before
{Heap before GC invocations=2422 (full 76):
 PSYoungGen      total 4096K, used 3485K [0x00000000eab00000, 0x00000000eb200000, 0x0000000100000000)
  eden space 2048K, 93% used [0x00000000eab00000,0x00000000eacdf5b8,0x00000000ead00000)
  from space 2048K, 76% used [0x00000000eae00000,0x00000000eaf88000,0x00000000eb000000)
  to   space 2048K, 0% used [0x00000000eb000000,0x00000000eb000000,0x00000000eb200000)
 ParOldGen       total 160768K, used 127229K [0x00000000c0000000, 0x00000000c9d00000, 0x00000000eab00000)
  object space 160768K, 79% used [0x00000000c0000000,0x00000000c7c3f5e8,0x00000000c9d00000)
 Metaspace       used 71995K, capacity 75491K, committed 75904K, reserved 1116160K
  class space    used 6852K, capacity 8223K, committed 8320K, reserved 1048576K
}
Event: 1123.298 GC heap after
{Heap after GC invocations=2422 (full 76):
 PSYoungGen      total 4608K, used 1784K [0x00000000eab00000, 0x00000000eb200000, 0x0000000100000000)
  eden space 2560K, 0% used [0x00000000eab00000,0x00000000eab00000,0x00000000ead80000)
  from space 2048K, 87% used [0x00000000eb000000,0x00000000eb1be000,0x00000000eb200000)
  to   space 2048K, 0% used [0x00000000eae00000,0x00000000eae00000,0x00000000eb000000)
 ParOldGen       total 160768K, used 128741K [0x00000000c0000000, 0x00000000c9d00000, 0x00000000eab00000)
  object space 160768K, 80% used [0x00000000c0000000,0x00000000c7db95e8,0x00000000c9d00000)
 Metaspace       used 71995K, capacity 75491K, committed 75904K, reserved 1116160K
  class space    used 6852K, capacity 8223K, committed 8320K, reserved 1048576K
}
Event: 1123.306 GC heap before
{Heap before GC invocations=2423 (full 76):
 PSYoungGen      total 4608K, used 3806K [0x00000000eab00000, 0x00000000eb200000, 0x0000000100000000)
  eden space 2560K, 78% used [0x00000000eab00000,0x00000000eacf9920,0x00000000ead80000)
  from space 2048K, 87% used [0x00000000eb000000,0x00000000eb1be000,0x00000000eb200000)
  to   space 2048K, 0% used [0x00000000eae00000,0x00000000eae00000,0x00000000eb000000)
 ParOldGen       total 160768K, used 128741K [0x00000000c0000000, 0x00000000c9d00000, 0x00000000eab00000)
  object space 160768K, 80% used [0x00000000c0000000,0x00000000c7db95e8,0x00000000c9d00000)
 Metaspace       used 71995K, capacity 75491K, committed 75904K, reserved 1116160K
  class space    used 6852K, capacity 8223K, committed 8320K, reserved 1048576K
}

